#
# A fatal error has been detected by the Java Runtime Environment:
#
#  EXCEPTION_ACCESS_VIOLATION (0xc0000005) at pc=0x0000000064a0f51b, pid=2604, tid=0x00000000000032e4
#
# JRE version: OpenJDK Runtime Environment (8.0_212-b04) (build 1.8.0_212-release-1586-b04)
# Java VM: OpenJDK 64-Bit Server VM (25.212-b04 mixed mode windows-amd64 compressed oops)
# Problematic frame:
# V  [jvm.dll+0xef51b]
#
# Failed to write core dump. Minidumps are not enabled by default on client versions of Windows
#
# If you would like to submit a bug report, please visit:
#   
#

---------------  T H R E A D  ---------------

Current thread (0x00000000024e7800):  GCTaskThread [stack: 0x0000000011ea0000,0x0000000011fa0000] [id=13028]

siginfo: ExceptionCode=0xc0000005, reading address 0x0000000752b3d960

Registers:
RAX=0x00000000122a0000, RBX=0x00000000a0d87340, RCX=0x0000000000000003, RDX=0x0000000000000001
RSP=0x0000000011f9fa10, RBP=0x00000000a0d87308, RSI=0x00000000025bd060, RDI=0x00000000025bd060
R8 =0x0000000752b3d958, R9 =0x000000010035a188, R10=0x000000000000000c, R11=0x0000000064eeade8
R12=0x00000000a0d8731c, R13=0x000000010035a4c0, R14=0x000000010035a4d0, R15=0x00000000a0d872f8
RIP=0x0000000064a0f51b, EFLAGS=0x0000000000010202

Top of Stack: (sp=0x0000000011f9fa10)
0x0000000011f9fa10:   000000010035a188 00000000a0d80d0c
0x0000000011f9fa20:   00000000a0d8716c 0000000064b16622
0x0000000011f9fa30:   0000000000000000 00000000000003d8
0x0000000011f9fa40:   00000000024e8408 00000000024e2a50
0x0000000011f9fa50:   00000000000025a7 0000000064ce5f60
0x0000000011f9fa60:   00000000000025a8 000000001f352850
0x0000000011f9fa70:   00000000025bd060 00000000024e8030
0x0000000011f9fa80:   0000034c00001794 0000000000000c00
0x0000000011f9fa90:   0000000000000000 0000000000000000
0x0000000011f9faa0:   0000000000000000 000000001d297000
0x0000000011f9fab0:   00000000024e8001 00000000024e8001
0x0000000011f9fac0:   0000f007520c5552 00000000024e8408
0x0000000011f9fad0:   00000000024e8030 00000000000003d8
0x0000000011f9fae0:   00000000024e8030 00000000024e2a50
0x0000000011f9faf0:   00000000024e8020 000000001f352850
0x0000000011f9fb00:   00000000025bd060 0000000064ce2c43 

Instructions: (pc=0x0000000064a0f51b)
0x0000000064a0f4fb:   6d 00 84 d2 74 16 44 8b 43 08 8b 0d 0d 12 67 00
0x0000000064a0f50b:   49 d3 e0 4c 03 05 fb 11 67 00 eb 04 4c 8b 43 08
0x0000000064a0f51b:   45 8b 48 08 45 85 c9 7e 0c 41 f6 c1 01 75 4b 41
0x0000000064a0f52b:   c1 f9 03 eb 57 79 43 84 d2 41 8b c9 b8 10 00 00 


Register to memory mapping:

RAX=0x00000000122a0000 is an unknown value
RBX=
[error occurred during error reporting (printing register info), id 0xc0000005]

Stack: [0x0000000011ea0000,0x0000000011fa0000],  sp=0x0000000011f9fa10,  free space=1022k
Native frames: (J=compiled Java code, j=interpreted, Vv=VM code, C=native code)
V  [jvm.dll+0xef51b]
V  [jvm.dll+0x3c5f60]
V  [jvm.dll+0x3c2c43]
V  [jvm.dll+0x3c0a0e]
V  [jvm.dll+0x26f53a]
C  [msvcr100.dll+0x21d9f]
C  [msvcr100.dll+0x21e3b]
C  [KERNEL32.DLL+0x17bd4]
C  [ntdll.dll+0x6ced1]


---------------  P R O C E S S  ---------------

Java Threads: ( => current thread )
  0x000000001bbca000 JavaThread "stdout" [_thread_in_native, id=4968, stack(0x000000002f030000,0x000000002f130000)]
  0x000000001bbc2800 JavaThread "stderr" [_thread_in_native, id=18960, stack(0x000000002ef30000,0x000000002f030000)]
  0x000000001bbc1800 JavaThread "stdout" [_thread_in_native, id=11968, stack(0x000000002ee30000,0x000000002ef30000)]
  0x000000001bbc7000 JavaThread "stderr" [_thread_in_native, id=7248, stack(0x000000002ed30000,0x000000002ee30000)]
  0x000000001bbc6000 JavaThread "stdout" [_thread_in_native, id=10440, stack(0x000000002ec30000,0x000000002ed30000)]
  0x0000000019609800 JavaThread "stderr" [_thread_in_native, id=1492, stack(0x000000002eb30000,0x000000002ec30000)]
  0x0000000019608000 JavaThread "stdout" [_thread_in_native, id=11764, stack(0x000000002ea30000,0x000000002eb30000)]
  0x0000000019607000 JavaThread "stderr" [_thread_in_native, id=15252, stack(0x000000002e590000,0x000000002e690000)]
  0x0000000019606800 JavaThread "pool-50-thread-1" [_thread_blocked, id=7412, stack(0x000000002e930000,0x000000002ea30000)]
  0x00000000195ff000 JavaThread "WorkerExecutor Queue" [_thread_blocked, id=14248, stack(0x000000002e490000,0x000000002e590000)]
  0x0000000019605800 JavaThread "Cache worker for execution history cache (C:\Users\papa\Desktop\Travail\DUT_Informatique\2A\S4\APPMOB\Klast\.gradle\5.6.4\executionHistory)" [_thread_blocked, id=3468, stack(0x000000002e390000,0x000000002e490000)]
  0x00000000195fe000 JavaThread "Execution worker for ':' Thread 3" [_thread_blocked, id=2164, stack(0x000000002e290000,0x000000002e390000)]
  0x0000000019605000 JavaThread "Execution worker for ':' Thread 2" [_thread_blocked, id=16920, stack(0x000000002e190000,0x000000002e290000)]
  0x00000000195fb000 JavaThread "Execution worker for ':'" [_thread_blocked, id=16408, stack(0x000000002e090000,0x000000002e190000)]
  0x00000000195fa000 JavaThread "Cache worker for file content cache (C:\Users\papa\Desktop\Travail\DUT_Informatique\2A\S4\APPMOB\Klast\.gradle\5.6.4\fileContent)" [_thread_blocked, id=16292, stack(0x000000002df90000,0x000000002e090000)]
  0x00000000195fd800 JavaThread "Cache worker for Build Output Cleanup Cache (C:\Users\papa\Desktop\Travail\DUT_Informatique\2A\S4\APPMOB\Klast\.gradle\buildOutputCleanup)" [_thread_blocked, id=14516, stack(0x0000000029df0000,0x0000000029ef0000)]
  0x00000000195fc800 JavaThread "Build operations Thread 4" [_thread_blocked, id=12788, stack(0x00000000259c0000,0x0000000025ac0000)]
  0x000000001d2a2800 JavaThread "Build operations Thread 3" [_thread_blocked, id=6380, stack(0x0000000025350000,0x0000000025450000)]
  0x000000001d2a2000 JavaThread "Build operations Thread 2" [_thread_blocked, id=7212, stack(0x0000000024e50000,0x0000000024f50000)]
  0x000000001d2a1000 JavaThread "Build operations" [_thread_blocked, id=1776, stack(0x0000000024d50000,0x0000000024e50000)]
  0x000000001d2a0800 JavaThread "Cache worker for cache directory md-rule (C:\Users\papa\.gradle\caches\5.6.4\md-rule)" [_thread_blocked, id=3104, stack(0x0000000024250000,0x0000000024350000)]
  0x000000001d29f000 JavaThread "Cache worker for cache directory md-supplier (C:\Users\papa\.gradle\caches\5.6.4\md-supplier)" [_thread_blocked, id=16868, stack(0x0000000024050000,0x0000000024150000)]
  0x000000001d296800 JavaThread "Cache worker for file hash cache (C:\Users\papa\Desktop\Travail\DUT_Informatique\2A\S4\APPMOB\Klast\.gradle\5.6.4\fileHashes)" [_thread_blocked, id=14440, stack(0x0000000023130000,0x0000000023230000)]
  0x000000001d295800 JavaThread "Thread-376" [_thread_blocked, id=12792, stack(0x0000000021b40000,0x0000000021c40000)]
  0x000000001d297000 JavaThread "Stdin handler" [_thread_blocked, id=19172, stack(0x0000000021a40000,0x0000000021b40000)]
  0x000000001d29b000 JavaThread "Asynchronous log dispatcher for DefaultDaemonConnection: socket connection from /127.0.0.1:55339 to /127.0.0.1:56427" [_thread_blocked, id=4732, stack(0x0000000020710000,0x0000000020810000)]
  0x000000001d298000 JavaThread "Cancel handler" [_thread_blocked, id=13692, stack(0x0000000020170000,0x0000000020270000)]
  0x000000001d29c800 JavaThread "Handler for socket connection from /127.0.0.1:55339 to /127.0.0.1:56427" [_thread_in_native, id=1848, stack(0x000000001ded0000,0x000000001dfd0000)]
  0x00000000195ff800 JavaThread "Daemon worker Thread 12" [_thread_blocked, id=19316, stack(0x000000001a860000,0x000000001a960000)]
  0x00000000195fb800 JavaThread "Daemon Thread 12" [_thread_blocked, id=18088, stack(0x000000001a460000,0x000000001a560000)]
  0x000000001ed78800 JavaThread "Cache worker for Java compile cache (C:\Users\papa\.gradle\caches\5.6.4\javaCompile)" [_thread_blocked, id=2740, stack(0x0000000025250000,0x0000000025350000)]
  0x000000001ed76000 JavaThread "MarlinRenderer Disposer" daemon [_thread_blocked, id=16148, stack(0x0000000025b30000,0x0000000025c30000)]
  0x000000001ed75000 JavaThread "Java2D Disposer" daemon [_thread_blocked, id=13856, stack(0x0000000025850000,0x0000000025950000)]
  0x000000001d294000 JavaThread "Cache worker for file content cache (C:\Users\papa\.gradle\caches\5.6.4\fileContent)" [_thread_blocked, id=9004, stack(0x0000000024150000,0x0000000024250000)]
  0x000000001bbc7800 JavaThread "Memory manager" [_thread_blocked, id=4912, stack(0x000000001a760000,0x000000001a860000)]
  0x0000000018452800 JavaThread "Cache worker for execution history cache (C:\Users\papa\.gradle\caches\5.6.4\executionHistory)" [_thread_blocked, id=4144, stack(0x000000001fc70000,0x000000001fd70000)]
  0x0000000018453000 JavaThread "Cache worker for journal cache (C:\Users\papa\.gradle\caches\journal-1)" [_thread_blocked, id=6636, stack(0x000000001ad60000,0x000000001ae60000)]
  0x0000000018451000 JavaThread "File lock request listener" [_thread_in_native, id=8272, stack(0x000000001ac60000,0x000000001ad60000)]
  0x0000000017a71800 JavaThread "Cache worker for file hash cache (C:\Users\papa\.gradle\caches\5.6.4\fileHashes)" [_thread_blocked, id=2912, stack(0x000000001ab60000,0x000000001ac60000)]
  0x00000000187ce000 JavaThread "Daemon periodic checks" [_thread_blocked, id=5312, stack(0x0000000019f60000,0x000000001a060000)]
  0x0000000018d7d800 JavaThread "Incoming local TCP Connector on port 55339" [_thread_in_native, id=10148, stack(0x0000000019cf0000,0x0000000019df0000)]
  0x0000000017bcf000 JavaThread "Daemon health stats" [_thread_blocked, id=14948, stack(0x00000000196b0000,0x00000000197b0000)]
  0x0000000017908800 JavaThread "Service Thread" daemon [_thread_blocked, id=11868, stack(0x0000000017ce0000,0x0000000017de0000)]
  0x0000000015f44000 JavaThread "C1 CompilerThread2" daemon [_thread_blocked, id=17772, stack(0x00000000177e0000,0x00000000178e0000)]
  0x0000000015f41800 JavaThread "C2 CompilerThread1" daemon [_thread_blocked, id=12548, stack(0x00000000176e0000,0x00000000177e0000)]
  0x0000000015f3e800 JavaThread "C2 CompilerThread0" daemon [_thread_blocked, id=14944, stack(0x00000000175e0000,0x00000000176e0000)]
  0x0000000015f3c000 JavaThread "Attach Listener" daemon [_thread_blocked, id=17744, stack(0x00000000174e0000,0x00000000175e0000)]
  0x0000000015f3a800 JavaThread "Signal Dispatcher" daemon [_thread_blocked, id=13320, stack(0x00000000173e0000,0x00000000174e0000)]
  0x00000000025cb800 JavaThread "Finalizer" daemon [_thread_blocked, id=17200, stack(0x00000000171b0000,0x00000000172b0000)]
  0x00000000025c3000 JavaThread "Reference Handler" daemon [_thread_blocked, id=19336, stack(0x00000000170b0000,0x00000000171b0000)]
  0x00000000024ce000 JavaThread "main" [_thread_blocked, id=9496, stack(0x00000000022d0000,0x00000000023d0000)]

Other Threads:
  0x0000000015f06800 VMThread [stack: 0x0000000016fb0000,0x00000000170b0000] [id=8284]
  0x0000000015f9d000 WatcherThread [stack: 0x0000000017de0000,0x0000000017ee0000] [id=14012]

=>0x00000000024e7800 (exited) GCTaskThread [stack: 0x0000000011ea0000,0x0000000011fa0000] [id=13028]

VM state:at safepoint (normal execution)

VM Mutex/Monitor currently owned by a thread:  ([mutex/lock_event])
[0x00000000024cd6b0] Threads_lock - owner thread: 0x0000000015f06800
[0x00000000024cd330] Heap_lock - owner thread: 0x0000000017a71800

heap address: 0x00000000a0000000, size: 1536 MB, Compressed Oops mode: 32-bit
Narrow klass base: 0x0000000000000000, Narrow klass shift: 3
Compressed class space size: 1073741824 Address: 0x0000000100000000

Heap:
 PSYoungGen      total 419328K, used 39419K [0x00000000e0000000, 0x00000000fd800000, 0x0000000100000000)
  eden space 379904K, 0% used [0x00000000e0000000,0x00000000e0000000,0x00000000f7300000)
  from space 39424K, 99% used [0x00000000f8e00000,0x00000000fb47eee0,0x00000000fb480000)
  to   space 36352K, 0% used [0x00000000fb480000,0x00000000fb480000,0x00000000fd800000)
 ParOldGen       total 153088K, used 144321K [0x00000000a0000000, 0x00000000a9580000, 0x00000000e0000000)
  object space 153088K, 94% used [0x00000000a0000000,0x00000000a8cf0670,0x00000000a9580000)
 Metaspace       used 134038K, capacity 143484K, committed 143616K, reserved 1173504K
  class space    used 17120K, capacity 18839K, committed 18944K, reserved 1048576K

Card table byte_map: [0x0000000011990000,0x0000000011ca0000] byte_map_base: 0x0000000011490000

Marking Bits: (ParMarkBitMap*) 0x00000000650e9f30
 Begin Bits: [0x00000000122a0000, 0x0000000013aa0000)
 End Bits:   [0x0000000013aa0000, 0x00000000152a0000)

Polling page: 0x0000000000650000

CodeCache: size=245760Kb used=81068Kb max_used=83857Kb free=164691Kb
 bounds [0x00000000025d0000, 0x0000000007880000, 0x00000000115d0000]
 total_blobs=23748 nmethods=22702 adapters=957
 compilation: enabled

Compilation events (10 events):
Event: 14523.054 Thread 0x0000000015f44000 29988       3       com.google.common.collect.LinkedListMultimap$KeyList::<init> (30 bytes)
Event: 14523.054 Thread 0x0000000015f44000 nmethod 29988 0x0000000007667050 code [0x00000000076671c0, 0x00000000076673d0]
Event: 14523.054 Thread 0x0000000015f44000 29989       3       com.android.ide.common.resources.DataItem::setTouched (23 bytes)
Event: 14523.054 Thread 0x0000000015f44000 nmethod 29989 0x0000000005957210 code [0x0000000005957380, 0x0000000005957728]
Event: 14523.054 Thread 0x0000000015f44000 29990       3       com.android.ide.common.resources.DataItem::isTouched (15 bytes)
Event: 14523.055 Thread 0x0000000015f44000 nmethod 29990 0x000000000765e150 code [0x000000000765e2a0, 0x000000000765e450]
Event: 14523.055 Thread 0x0000000015f44000 29991       3       com.android.ide.common.resources.ResourceMergerItem::wasTouched (6 bytes)
Event: 14523.055 Thread 0x0000000015f44000 nmethod 29991 0x0000000005956ed0 code [0x0000000005957020, 0x0000000005957190]
Event: 14523.377 Thread 0x0000000015f3e800 29992       4       com.android.utils.PositionXmlParser$DomBuilder::getCurrentPosition (215 bytes)
Event: 14523.415 Thread 0x0000000015f3e800 nmethod 29992 0x0000000005956690 code [0x0000000005956800, 0x0000000005956bf8]

GC Heap History (10 events):
Event: 8446.901 GC heap after
Heap after GC invocations=51 (full 4):
 PSYoungGen      total 442368K, used 13606K [0x00000000e0000000, 0x00000000fe580000, 0x0000000100000000)
  eden space 409600K, 0% used [0x00000000e0000000,0x00000000e0000000,0x00000000f9000000)
  from space 32768K, 41% used [0x00000000f9000000,0x00000000f9d49b80,0x00000000fb000000)
  to   space 31232K, 0% used [0x00000000fc700000,0x00000000fc700000,0x00000000fe580000)
 ParOldGen       total 153088K, used 116299K [0x00000000a0000000, 0x00000000a9580000, 0x00000000e0000000)
  object space 153088K, 75% used [0x00000000a0000000,0x00000000a7192f08,0x00000000a9580000)
 Metaspace       used 109607K, capacity 115992K, committed 116352K, reserved 1150976K
  class space    used 13955K, capacity 15126K, committed 15232K, reserved 1048576K
}
Event: 9616.590 GC heap before
{Heap before GC invocations=52 (full 4):
 PSYoungGen      total 442368K, used 423206K [0x00000000e0000000, 0x00000000fe580000, 0x0000000100000000)
  eden space 409600K, 100% used [0x00000000e0000000,0x00000000f9000000,0x00000000f9000000)
  from space 32768K, 41% used [0x00000000f9000000,0x00000000f9d49b80,0x00000000fb000000)
  to   space 31232K, 0% used [0x00000000fc700000,0x00000000fc700000,0x00000000fe580000)
 ParOldGen       total 153088K, used 116299K [0x00000000a0000000, 0x00000000a9580000, 0x00000000e0000000)
  object space 153088K, 75% used [0x00000000a0000000,0x00000000a7192f08,0x00000000a9580000)
 Metaspace       used 112258K, capacity 120378K, committed 120576K, reserved 1155072K
  class space    used 14347K, capacity 15814K, committed 15872K, reserved 1048576K
Event: 9616.958 GC heap after
Heap after GC invocations=52 (full 4):
 PSYoungGen      total 453632K, used 14830K [0x00000000e0000000, 0x00000000fde00000, 0x0000000100000000)
  eden space 430080K, 0% used [0x00000000e0000000,0x00000000e0000000,0x00000000fa400000)
  from space 23552K, 62% used [0x00000000fc700000,0x00000000fd57bae0,0x00000000fde00000)
  to   space 29696K, 0% used [0x00000000fa400000,0x00000000fa400000,0x00000000fc100000)
 ParOldGen       total 153088K, used 116307K [0x00000000a0000000, 0x00000000a9580000, 0x00000000e0000000)
  object space 153088K, 75% used [0x00000000a0000000,0x00000000a7194f08,0x00000000a9580000)
 Metaspace       used 112258K, capacity 120378K, committed 120576K, reserved 1155072K
  class space    used 14347K, capacity 15814K, committed 15872K, reserved 1048576K
}
Event: 14361.020 GC heap before
{Heap before GC invocations=53 (full 4):
 PSYoungGen      total 453632K, used 444910K [0x00000000e0000000, 0x00000000fde00000, 0x0000000100000000)
  eden space 430080K, 100% used [0x00000000e0000000,0x00000000fa400000,0x00000000fa400000)
  from space 23552K, 62% used [0x00000000fc700000,0x00000000fd57bae0,0x00000000fde00000)
  to   space 29696K, 0% used [0x00000000fa400000,0x00000000fa400000,0x00000000fc100000)
 ParOldGen       total 153088K, used 116307K [0x00000000a0000000, 0x00000000a9580000, 0x00000000e0000000)
  object space 153088K, 75% used [0x00000000a0000000,0x00000000a7194f08,0x00000000a9580000)
 Metaspace       used 127710K, capacity 136842K, committed 137088K, reserved 1167360K
  class space    used 16538K, capacity 18192K, committed 18304K, reserved 1048576K
Event: 14364.845 GC heap after
Heap after GC invocations=53 (full 4):
 PSYoungGen      total 442368K, used 29673K [0x00000000e0000000, 0x00000000fdb00000, 0x0000000100000000)
  eden space 412672K, 0% used [0x00000000e0000000,0x00000000e0000000,0x00000000f9300000)
  from space 29696K, 99% used [0x00000000fa400000,0x00000000fc0fa680,0x00000000fc100000)
  to   space 26624K, 0% used [0x00000000fc100000,0x00000000fc100000,0x00000000fdb00000)
 ParOldGen       total 153088K, used 124123K [0x00000000a0000000, 0x00000000a9580000, 0x00000000e0000000)
  object space 153088K, 81% used [0x00000000a0000000,0x00000000a7936f50,0x00000000a9580000)
 Metaspace       used 127710K, capacity 136842K, committed 137088K, reserved 1167360K
  class space    used 16538K, capacity 18192K, committed 18304K, reserved 1048576K
}
Event: 14402.477 GC heap before
{Heap before GC invocations=54 (full 4):
 PSYoungGen      total 442368K, used 442345K [0x00000000e0000000, 0x00000000fdb00000, 0x0000000100000000)
  eden space 412672K, 100% used [0x00000000e0000000,0x00000000f9300000,0x00000000f9300000)
  from space 29696K, 99% used [0x00000000fa400000,0x00000000fc0fa680,0x00000000fc100000)
  to   space 26624K, 0% used [0x00000000fc100000,0x00000000fc100000,0x00000000fdb00000)
 ParOldGen       total 153088K, used 124123K [0x00000000a0000000, 0x00000000a9580000, 0x00000000e0000000)
  object space 153088K, 81% used [0x00000000a0000000,0x00000000a7936f50,0x00000000a9580000)
 Metaspace       used 128517K, capacity 137660K, committed 137856K, reserved 1169408K
  class space    used 16623K, capacity 18285K, committed 18304K, reserved 1048576K
Event: 14403.007 GC heap after
Heap after GC invocations=54 (full 4):
 PSYoungGen      total 422400K, used 26593K [0x00000000e0000000, 0x00000000fdb00000, 0x0000000100000000)
  eden space 395776K, 0% used [0x00000000e0000000,0x00000000e0000000,0x00000000f8280000)
  from space 26624K, 99% used [0x00000000fc100000,0x00000000fdaf8448,0x00000000fdb00000)
  to   space 39424K, 0% used [0x00000000f8e00000,0x00000000f8e00000,0x00000000fb480000)
 ParOldGen       total 153088K, used 126853K [0x00000000a0000000, 0x00000000a9580000, 0x00000000e0000000)
  object space 153088K, 82% used [0x00000000a0000000,0x00000000a7be1620,0x00000000a9580000)
 Metaspace       used 128517K, capacity 137660K, committed 137856K, reserved 1169408K
  class space    used 16623K, capacity 18285K, committed 18304K, reserved 1048576K
}
Event: 14523.468 GC heap before
{Heap before GC invocations=55 (full 4):
 PSYoungGen      total 422400K, used 422369K [0x00000000e0000000, 0x00000000fdb00000, 0x0000000100000000)
  eden space 395776K, 100% used [0x00000000e0000000,0x00000000f8280000,0x00000000f8280000)
  from space 26624K, 99% used [0x00000000fc100000,0x00000000fdaf8448,0x00000000fdb00000)
  to   space 39424K, 0% used [0x00000000f8e00000,0x00000000f8e00000,0x00000000fb480000)
 ParOldGen       total 153088K, used 126853K [0x00000000a0000000, 0x00000000a9580000, 0x00000000e0000000)
  object space 153088K, 82% used [0x00000000a0000000,0x00000000a7be1620,0x00000000a9580000)
 Metaspace       used 134038K, capacity 143484K, committed 143616K, reserved 1173504K
  class space    used 17120K, capacity 18839K, committed 18944K, reserved 1048576K
Event: 14523.683 GC heap after
Heap after GC invocations=55 (full 4):
 PSYoungGen      total 419328K, used 39419K [0x00000000e0000000, 0x00000000fd800000, 0x0000000100000000)
  eden space 379904K, 0% used [0x00000000e0000000,0x00000000e0000000,0x00000000f7300000)
  from space 39424K, 99% used [0x00000000f8e00000,0x00000000fb47eee0,0x00000000fb480000)
  to   space 36352K, 0% used [0x00000000fb480000,0x00000000fb480000,0x00000000fd800000)
 ParOldGen       total 153088K, used 144321K [0x00000000a0000000, 0x00000000a9580000, 0x00000000e0000000)
  object space 153088K, 94% used [0x00000000a0000000,0x00000000a8cf0670,0x00000000a9580000)
 Metaspace       used 134038K, capacity 143484K, committed 143616K, reserved 1173504K
  class space    used 17120K, capacity 18839K, committed 18944K, reserved 1048576K
}
Event: 14523.683 GC heap before
{Heap before GC invocations=56 (full 5):
 PSYoungGen      total 419328K, used 39419K [0x00000000e0000000, 0x00000000fd800000, 0x0000000100000000)
  eden space 379904K, 0% used [0x00000000e0000000,0x00000000e0000000,0x00000000f7300000)
  from space 39424K, 99% used [0x00000000f8e00000,0x00000000fb47eee0,0x00000000fb480000)
  to   space 36352K, 0% used [0x00000000fb480000,0x00000000fb480000,0x00000000fd800000)
 ParOldGen       total 153088K, used 144321K [0x00000000a0000000, 0x00000000a9580000, 0x00000000e0000000)
  object space 153088K, 94% used [0x00000000a0000000,0x00000000a8cf0670,0x00000000a9580000)
 Metaspace       used 134038K, capacity 143484K, committed 143616K, reserved 1173504K
  class space    used 17120K, capacity 18839K, committed 18944K, reserved 1048576K

Deoptimization events (10 events):
Event: 14499.104 Thread 0x0000000019605800 Uncommon trap: reason=unstable_if action=reinterpret pc=0x00000000053b14d4 method=org.gradle.cache.internal.btree.BTreePersistentIndexedCache$DataBlock.useNewValue(Ljava/lang/Object;)Lorg/gradle/cache/internal/btree/BTreePersistentIndexedCache$DataBlockUp
Event: 14512.002 Thread 0x00000000195ff800 Uncommon trap: reason=unstable_if action=reinterpret pc=0x000000000682e808 method=org.gradle.internal.execution.history.changes.InputValueChanges.<init>(Lcom/google/common/collect/ImmutableSortedMap;Lcom/google/common/collect/ImmutableSortedMap;Lorg/gradl
Event: 14512.683 Thread 0x00000000195ff800 Uncommon trap: reason=bimorphic action=maybe_recompile pc=0x0000000003e4c858 method=java.util.regex.Pattern$CharProperty$1.isSatisfiedBy(I)Z @ 5
Event: 14512.684 Thread 0x00000000195ff800 Uncommon trap: reason=bimorphic action=maybe_recompile pc=0x0000000003e4c858 method=java.util.regex.Pattern$CharProperty$1.isSatisfiedBy(I)Z @ 5
Event: 14512.684 Thread 0x00000000195ff800 Uncommon trap: reason=bimorphic action=maybe_recompile pc=0x0000000003e4c858 method=java.util.regex.Pattern$CharProperty$1.isSatisfiedBy(I)Z @ 5
Event: 14512.684 Thread 0x00000000195ff800 Uncommon trap: reason=bimorphic action=maybe_recompile pc=0x0000000003e4c858 method=java.util.regex.Pattern$CharProperty$1.isSatisfiedBy(I)Z @ 5
Event: 14513.463 Thread 0x00000000195ff800 Uncommon trap: reason=unstable_if action=reinterpret pc=0x0000000003c78010 method=java.util.stream.AbstractPipeline.sourceSpliterator(I)Ljava/util/Spliterator; @ 9
Event: 14513.749 Thread 0x00000000195ff800 Uncommon trap: reason=unstable_if action=reinterpret pc=0x000000000548db5c method=java.util.stream.AbstractPipeline.sourceSpliterator(I)Ljava/util/Spliterator; @ 9
Event: 14513.964 Thread 0x00000000195ff800 Uncommon trap: reason=unstable_if action=reinterpret pc=0x00000000037ff7d0 method=com.google.gson.stream.JsonReader.nextString()Ljava/lang/String; @ 47
Event: 14519.840 Thread 0x00000000195ff800 Uncommon trap: reason=null_check action=make_not_entrant pc=0x00000000073d7124 method=com.sun.org.apache.xerces.internal.dom.NamedNodeMapImpl.findNamePoint(Ljava/lang/String;Ljava/lang/String;)I @ 76

Classes redefined (0 events):
No events

Internal exceptions (10 events):
Event: 14493.915 Thread 0x00000000195ff800 Exception <a 'sun/nio/fs/WindowsException'> (0x00000000f037da80) thrown at [D:\src\AOSP-openjdk-cygwin\jdk8u\hotspot\src\share\vm\prims\jni.cpp, line 710]
Event: 14493.946 Thread 0x00000000195fe000 Exception <a 'sun/nio/fs/WindowsException'> (0x00000000f0629880) thrown at [D:\src\AOSP-openjdk-cygwin\jdk8u\hotspot\src\share\vm\prims\jni.cpp, line 710]
Event: 14496.425 Thread 0x00000000195fe000 Exception <a 'java/lang/NoSuchMethodError': <clinit>> (0x00000000f2eae908) thrown at [D:\src\AOSP-openjdk-cygwin\jdk8u\hotspot\src\share\vm\prims\jni.cpp, line 1614]
Event: 14496.433 Thread 0x00000000195fe000 Exception <a 'java/lang/NoSuchMethodError': <clinit>> (0x00000000f2ec01e0) thrown at [D:\src\AOSP-openjdk-cygwin\jdk8u\hotspot\src\share\vm\prims\jni.cpp, line 1614]
Event: 14496.435 Thread 0x00000000195fe000 Exception <a 'java/lang/NoSuchMethodError': <clinit>> (0x00000000f2ed45d0) thrown at [D:\src\AOSP-openjdk-cygwin\jdk8u\hotspot\src\share\vm\prims\jni.cpp, line 1614]
Event: 14497.733 Thread 0x0000000019605000 Exception <a 'sun/nio/fs/WindowsException'> (0x00000000f3e83e80) thrown at [D:\src\AOSP-openjdk-cygwin\jdk8u\hotspot\src\share\vm\prims\jni.cpp, line 710]
Event: 14497.918 Thread 0x0000000019605000 Exception <a 'sun/nio/fs/WindowsException'> (0x00000000f3e8d040) thrown at [D:\src\AOSP-openjdk-cygwin\jdk8u\hotspot\src\share\vm\prims\jni.cpp, line 710]
Event: 14498.348 Thread 0x0000000019605000 Exception <a 'sun/nio/fs/WindowsException'> (0x00000000f3e92fd0) thrown at [D:\src\AOSP-openjdk-cygwin\jdk8u\hotspot\src\share\vm\prims\jni.cpp, line 710]
Event: 14512.717 Thread 0x00000000195ff800 Exception <a 'java/lang/NoSuchMethodError': java.lang.Object.lambda$codePoints$1()Ljava/util/Spliterator$OfInt;> (0x00000000f52d6eb0) thrown at [D:\src\AOSP-openjdk-cygwin\jdk8u\hotspot\src\share\vm\interpreter\linkResolver.cpp, line 620]
Event: 14519.840 Thread 0x00000000195ff800 Implicit null exception at 0x00000000073d6164 to 0x00000000073d7105

Events (10 events):
Event: 14521.561 loading class com/google/common/collect/TransformedIterator done
Event: 14521.587 loading class com/google/common/collect/LinkedListMultimap$DistinctKeyIterator
Event: 14521.588 loading class com/google/common/collect/LinkedListMultimap$DistinctKeyIterator done
Event: 14521.589 loading class com/google/common/collect/LinkedListMultimap$1
Event: 14521.589 loading class com/google/common/collect/LinkedListMultimap$1 done
Event: 14521.589 loading class com/google/common/collect/LinkedListMultimap$ValueForKeyIterator
Event: 14521.589 loading class com/google/common/collect/LinkedListMultimap$ValueForKeyIterator done
Event: 14521.982 Thread 0x00000000195ff800 DEOPT PACKING pc=0x00000000076b6851 sp=0x000000001a958ea0
Event: 14521.982 Thread 0x00000000195ff800 DEOPT UNPACKING pc=0x00000000026175d0 sp=0x000000001a958c18 mode 0
Event: 14523.468 Executing VM operation: ParallelGCFailedAllocation


Dynamic libraries:
0x00007ff6b6bb0000 - 0x00007ff6b6be1000 	D:\Logiciel\Android Studio\jre\bin\java.exe
0x00007ffe26a40000 - 0x00007ffe26c30000 	C:\WINDOWS\SYSTEM32\ntdll.dll
0x00007ffe26940000 - 0x00007ffe269f2000 	C:\WINDOWS\System32\KERNEL32.DLL
0x00007ffe247b0000 - 0x00007ffe24a53000 	C:\WINDOWS\System32\KERNELBASE.dll
0x00007ffe262d0000 - 0x00007ffe26373000 	C:\WINDOWS\System32\ADVAPI32.dll
0x00007ffe25380000 - 0x00007ffe2541e000 	C:\WINDOWS\System32\msvcrt.dll
0x00007ffe259f0000 - 0x00007ffe25a87000 	C:\WINDOWS\System32\sechost.dll
0x00007ffe26820000 - 0x00007ffe26940000 	C:\WINDOWS\System32\RPCRT4.dll
0x00007ffe24af0000 - 0x00007ffe24c84000 	C:\WINDOWS\System32\USER32.dll
0x00007ffe24ac0000 - 0x00007ffe24ae1000 	C:\WINDOWS\System32\win32u.dll
0x00007ffe25a90000 - 0x00007ffe25ab6000 	C:\WINDOWS\System32\GDI32.dll
0x00007ffe23b20000 - 0x00007ffe23cb4000 	C:\WINDOWS\System32\gdi32full.dll
0x00007ffe24710000 - 0x00007ffe247ae000 	C:\WINDOWS\System32\msvcp_win.dll
0x00007ffe244c0000 - 0x00007ffe245ba000 	C:\WINDOWS\System32\ucrtbase.dll
0x00007ffe22d10000 - 0x00007ffe22f95000 	C:\WINDOWS\WinSxS\amd64_microsoft.windows.common-controls_6595b64144ccf1df_6.0.18362.693_none_e6c1b3c11311d480\COMCTL32.dll
0x00007ffe25600000 - 0x00007ffe25936000 	C:\WINDOWS\System32\combase.dll
0x00007ffe23a80000 - 0x00007ffe23b00000 	C:\WINDOWS\System32\bcryptPrimitives.dll
0x00007ffe25b90000 - 0x00007ffe25bbe000 	C:\WINDOWS\System32\IMM32.DLL
0x00000000644c0000 - 0x0000000064592000 	D:\Logiciel\Android Studio\jre\jre\bin\msvcr100.dll
0x0000000064920000 - 0x0000000065166000 	D:\Logiciel\Android Studio\jre\jre\bin\server\jvm.dll
0x00007ffe26410000 - 0x00007ffe26418000 	C:\WINDOWS\System32\PSAPI.DLL
0x00007ffe20dc0000 - 0x00007ffe20de4000 	C:\WINDOWS\SYSTEM32\WINMM.dll
0x00007ffe21eb0000 - 0x00007ffe21eba000 	C:\WINDOWS\SYSTEM32\VERSION.dll
0x00007ffe1dfe0000 - 0x00007ffe1dfe9000 	C:\WINDOWS\SYSTEM32\WSOCK32.dll
0x00007ffe26420000 - 0x00007ffe2648f000 	C:\WINDOWS\System32\WS2_32.dll
0x00007ffe20d90000 - 0x00007ffe20dbd000 	C:\WINDOWS\SYSTEM32\winmmbase.dll
0x00007ffe23cc0000 - 0x00007ffe23d0a000 	C:\WINDOWS\System32\cfgmgr32.dll
0x00007ffe1cb80000 - 0x00007ffe1cb8f000 	D:\Logiciel\Android Studio\jre\jre\bin\verify.dll
0x00007ffe00470000 - 0x00007ffe00499000 	D:\Logiciel\Android Studio\jre\jre\bin\java.dll
0x00007ffdff0e0000 - 0x00007ffdff0f6000 	D:\Logiciel\Android Studio\jre\jre\bin\zip.dll
0x00007ffe24c90000 - 0x00007ffe25376000 	C:\WINDOWS\System32\SHELL32.dll
0x00007ffe25940000 - 0x00007ffe259e9000 	C:\WINDOWS\System32\shcore.dll
0x00007ffe23d10000 - 0x00007ffe24490000 	C:\WINDOWS\System32\windows.storage.dll
0x00007ffe23950000 - 0x00007ffe23979000 	C:\WINDOWS\System32\Wldp.dll
0x00007ffe245c0000 - 0x00007ffe24709000 	C:\WINDOWS\System32\CRYPT32.dll
0x00007ffe239b0000 - 0x00007ffe239c2000 	C:\WINDOWS\System32\MSASN1.dll
0x00007ffe24a60000 - 0x00007ffe24abc000 	C:\WINDOWS\System32\WINTRUST.dll
0x00007ffe23980000 - 0x00007ffe239a3000 	C:\WINDOWS\System32\profapi.dll
0x00007ffe238e0000 - 0x00007ffe2392a000 	C:\WINDOWS\System32\powrprof.dll
0x00007ffe238d0000 - 0x00007ffe238e0000 	C:\WINDOWS\System32\UMPDC.dll
0x00007ffe261f0000 - 0x00007ffe26242000 	C:\WINDOWS\System32\shlwapi.dll
0x00007ffe23930000 - 0x00007ffe23941000 	C:\WINDOWS\System32\kernel.appcore.dll
0x00007ffe23b00000 - 0x00007ffe23b17000 	C:\WINDOWS\System32\cryptsp.dll
0x00007ffe1cba0000 - 0x00007ffe1cbba000 	D:\Logiciel\Android Studio\jre\jre\bin\net.dll
0x00007ffe15170000 - 0x00007ffe15345000 	C:\WINDOWS\SYSTEM32\urlmon.dll
0x00007ffe17680000 - 0x00007ffe17926000 	C:\WINDOWS\SYSTEM32\iertutil.dll
0x00007ffe22c60000 - 0x00007ffe22c6c000 	C:\WINDOWS\SYSTEM32\CRYPTBASE.DLL
0x00007ffe22a90000 - 0x00007ffe22af7000 	C:\WINDOWS\system32\mswsock.dll
0x00007ffe17e90000 - 0x00007ffe17ea3000 	D:\Logiciel\Android Studio\jre\jre\bin\nio.dll
0x00007ffe19270000 - 0x00007ffe19296000 	C:\Users\papa\.gradle\native\30\windows-amd64\native-platform.dll
0x00007ffe1b540000 - 0x00007ffe1b54d000 	D:\Logiciel\Android Studio\jre\jre\bin\management.dll
0x00007ffe22600000 - 0x00007ffe22633000 	C:\WINDOWS\system32\rsaenh.dll
0x00007ffe24490000 - 0x00007ffe244b6000 	C:\WINDOWS\System32\bcrypt.dll
0x00007ffe237f0000 - 0x00007ffe23815000 	C:\WINDOWS\SYSTEM32\USERENV.dll
0x00007ffe227a0000 - 0x00007ffe227da000 	C:\WINDOWS\SYSTEM32\IPHLPAPI.DLL
0x00007ffe26400000 - 0x00007ffe26408000 	C:\WINDOWS\System32\NSI.dll
0x00007ffe1d7b0000 - 0x00007ffe1d7c6000 	C:\WINDOWS\SYSTEM32\dhcpcsvc6.DLL
0x00007ffe1d710000 - 0x00007ffe1d72c000 	C:\WINDOWS\SYSTEM32\dhcpcsvc.DLL
0x00007ffe227e0000 - 0x00007ffe228aa000 	C:\WINDOWS\SYSTEM32\DNSAPI.dll
0x00007ffdf6e40000 - 0x00007ffdf6e64000 	D:\Logiciel\Android Studio\jre\jre\bin\sunec.dll
0x00007ffe1f370000 - 0x00007ffe1f37a000 	C:\Windows\System32\rasadhlp.dll
0x00007ffe1d4c0000 - 0x00007ffe1d537000 	C:\WINDOWS\System32\fwpuclnt.dll
0x00007ffe12180000 - 0x00007ffe1218b000 	D:\Logiciel\Android Studio\jre\jre\bin\sunmscapi.dll
0x00007ffe231b0000 - 0x00007ffe231e1000 	C:\WINDOWS\SYSTEM32\ntmarta.dll
0x00007ffdf61a0000 - 0x00007ffdf633c000 	D:\Logiciel\Android Studio\jre\jre\bin\awt.dll
0x00007ffe264f0000 - 0x00007ffe265b4000 	C:\WINDOWS\System32\OLEAUT32.dll
0x00007ffe213a0000 - 0x00007ffe213cd000 	C:\WINDOWS\SYSTEM32\dwmapi.dll
0x00007ffe1fa70000 - 0x00007ffe20030000 	C:\WINDOWS\SYSTEM32\d2d1.dll
0x00007ffe20ee0000 - 0x00007ffe20f6f000 	C:\WINDOWS\SYSTEM32\apphelp.dll
0x00007ffe20f90000 - 0x00007ffe21029000 	C:\WINDOWS\system32\uxtheme.dll
0x00007ffe23470000 - 0x00007ffe23664000 	C:\WINDOWS\SYSTEM32\dbghelp.dll

VM Arguments:
jvm_args: -Xmx1536m -Dfile.encoding=windows-1252 -Duser.country=FR -Duser.language=fr -Duser.variant 
java_command: org.gradle.launcher.daemon.bootstrap.GradleDaemon 5.6.4
java_class_path (initial): C:\Users\papa\.gradle\wrapper\dists\gradle-5.6.4-all\ankdp27end7byghfw1q2sw75f\gradle-5.6.4\lib\gradle-launcher-5.6.4.jar
Launcher Type: SUN_STANDARD

Environment Variables:
PATH=C:\PROGRAM FILES (X86)\COMMON FILES\ORACLE\JAVA\JAVAPATH;C:\PROGRAM FILES (X86)\COMMON FILES\INTEL\SHARED LIBRARIES\REDIST\INTEL64\COMPILER;C:\PROGRAM FILES (X86)\INTEL\ICLS CLIENT\;C:\PROGRAM FILES\INTEL\ICLS CLIENT\;C:\WINDOWS\SYSTEM32;C:\WINDOWS;C:\WINDOWS\SYSTEM32\WBEM;C:\WINDOWS\SYSTEM32\WINDOWSPOWERSHELL\V1.0\;C:\PROGRAM FILES\INTEL\INTEL(R) MANAGEMENT ENGINE COMPONENTS\DAL;C:\PROGRAM FILES\INTEL\INTEL(R) MANAGEMENT ENGINE COMPONENTS\IPT;C:\PROGRAM FILES (X86)\INTEL\INTEL(R) MANAGEMENT ENGINE COMPONENTS\DAL;C:\PROGRAM FILES (X86)\INTEL\INTEL(R) MANAGEMENT ENGINE COMPONENTS\IPT;C:\PROGRAM FILES (X86)\NVIDIA CORPORATION\PHYSX\COMMON;C:\WINDOWS\SYSTEM32\OPENSSH\;C:\PROGRAM FILES\NVIDIA CORPORATION\NVIDIA NVDLISR;C:\WINDOWS\SYSTEM32;C:\WINDOWS;C:\WINDOWS\SYSTEM32\WBEM;C:\WINDOWS\SYSTEM32\WINDOWSPOWERSHELL\V1.0\;C:\WINDOWS\SYSTEM32\OPENSSH\;C:\Program Files\WIDCOMM\Bluetooth Software\;C:\Program Files\WIDCOMM\Bluetooth Software\syswow64;C:\Program Files\dotnet\;C:\WINDOWS\system32;C:\WINDOWS;C:\WINDOWS\System32\Wbem;C:\WINDOWS\System32\WindowsPowerShell\v1.0\;C:\WINDOWS\System32\OpenSSH\;C:\Program Files\Git\cmd;C:\Program Files\nodejs\;C:\Users\papa\AppData\Local\Programs\Python\Python38\Scripts\;C:\Users\papa\AppData\Local\Programs\Python\Python38\;C:\Users\papa\AppData\Local\Microsoft\WindowsApps;C:\Users\papa\AppData\Roaming\npm;D:\Logiciel\Microsoft VS Code\bin;D:\Logiciel\flutter\bin;C:\Users\papa\.dotnet\tools
USERNAME=Ali
OS=Windows_NT
PROCESSOR_IDENTIFIER=Intel64 Family 6 Model 69 Stepping 1, GenuineIntel



---------------  S Y S T E M  ---------------

OS: Windows 10.0 , 64 bit Build 18362 (10.0.18362.329)

CPU:total 4 (initial active 4) (2 cores per cpu, 2 threads per core) family 6 model 69 stepping 1, cmov, cx8, fxsr, mmx, sse, sse2, sse3, ssse3, sse4.1, sse4.2, popcnt, avx, avx2, aes, clmul, erms, lzcnt, ht, tsc, tscinvbit, bmi1, bmi2

Memory: 4k page, physical 6171856k(446208k free), swap 11414736k(3218216k free)

vm_info: OpenJDK 64-Bit Server VM (25.212-b04) for windows-amd64 JRE (1.8.0_212-release-1586-b04), built by "builder" with MS VC++ 10.0 (VS2010)

time: Fri Mar 06 14:16:57 2020
timezone: Paris, Madrid
elapsed time: 14527 seconds (0d 4h 2m 7s)

